<component name="libraryTable">
  <library name="junit-4">
    <CLASSES>
      <root url="file://$USER_HOME$/Downloads/junit-4.12" />
    </CLASSES>
    <JAVADOC />
    <SOURCES />
  </library>
</component>